#
# There is insufficient memory for the Java Runtime Environment to continue.
# Native memory allocation (malloc) failed to allocate 675848 bytes. Error detail: Chunk::new
# Possible reasons:
#   The system is out of physical RAM or swap space
#   This process is running with CompressedOops enabled, and the Java Heap may be blocking the growth of the native heap
# Possible solutions:
#   Reduce memory load on the system
#   Increase physical memory or swap space
#   Check if swap backing store is full
#   Decrease Java heap size (-Xmx/-Xms)
#   Decrease number of Java threads
#   Decrease Java thread stack sizes (-Xss)
#   Set larger code cache with -XX:ReservedCodeCacheSize=
#   JVM is running with Unscaled Compressed Oops mode in which the Java heap is
#     placed in the first 4GB address space. The Java Heap base address is the
#     maximum limit for the native heap growth. Please use -XX:HeapBaseMinAddress
#     to set the Java Heap base and to place the Java Heap above 4GB virtual address.
# This output file may be truncated or incomplete.
#
#  Out of Memory Error (arena.cpp:162), pid=53640, tid=50476
#
# JRE version: OpenJDK Runtime Environment (24.0.2+12) (build 24.0.2+12-54)
# Java VM: OpenJDK 64-Bit Server VM (24.0.2+12-54, mixed mode, sharing, tiered, compressed oops, compressed class ptrs, g1 gc, windows-amd64)
# No core dump will be written. Minidumps are not enabled by default on client versions of Windows
#

---------------  S U M M A R Y ------------

Command Line: --module-path=C:\Users\pc\Downloads\javafx-sdk-24.0.2\lib --add-modules=javafx.controls,javafx.fxml -javaagent:C:\Program Files\JetBrains\IntelliJ IDEA Community Edition 2025.2.1\lib\idea_rt.jar=51244 -Dfile.encoding=UTF-8 -Dsun.stdout.encoding=UTF-8 -Dsun.stderr.encoding=UTF-8 com.sudoku.Main

Host: Intel(R) Core(TM) i3-1005G1 CPU @ 1.20GHz, 4 cores, 3G,  Windows 11 , 64 bit Build 26100 (10.0.26100.5074)
Time: Thu Oct  2 16:30:26 2025 Hora est. Pacífico, Sudamérica elapsed time: 335.812228 seconds (0d 0h 5m 35s)

---------------  T H R E A D  ---------------

Current thread (0x000001c2c1144a50):  JavaThread "C2 CompilerThread0" daemon [_thread_in_native, id=50476, stack(0x000000440e900000,0x000000440ea00000) (1024K)]


Current CompileTask:
C2:335813 5680       4       javax.management.ObjectName::construct (1135 bytes)

Stack: [0x000000440e900000,0x000000440ea00000]
Native frames: (J=compiled Java code, j=interpreted, Vv=VM code, C=native code)
V  [jvm.dll+0x730829]  (no source info available)
V  [jvm.dll+0x8d9da3]  (no source info available)
V  [jvm.dll+0x8dc28d]  (no source info available)
V  [jvm.dll+0x8dc903]  (no source info available)
V  [jvm.dll+0x2a9f56]  (no source info available)
V  [jvm.dll+0xced7f]  (no source info available)
V  [jvm.dll+0xcefdf]  (no source info available)
V  [jvm.dll+0x3f367c]  (no source info available)
V  [jvm.dll+0x3c0040]  (no source info available)
V  [jvm.dll+0x3bf4ca]  (no source info available)
V  [jvm.dll+0x26f637]  (no source info available)
V  [jvm.dll+0x26e8ff]  (no source info available)
V  [jvm.dll+0x1e9c90]  (no source info available)
V  [jvm.dll+0x27e0cb]  (no source info available)
V  [jvm.dll+0x27c36a]  (no source info available)
V  [jvm.dll+0x42f396]  (no source info available)
V  [jvm.dll+0x87d9eb]  (no source info available)
V  [jvm.dll+0x72ef45]  (no source info available)
C  [ucrtbase.dll+0x37b0]  (no source info available)
C  [KERNEL32.DLL+0x2e8d7]  (no source info available)
C  [ntdll.dll+0x8d9c]  (no source info available)

Lock stack of current Java thread (top to bottom):


---------------  P R O C E S S  ---------------

Threads class SMR info:
_java_thread_list=0x000001c2c672c820, length=25, elements={
0x000001c2dcac2160, 0x000001c2c1135740, 0x000001c2c1139f90, 0x000001c2c113b100,
0x000001c2c113b930, 0x000001c2c113c160, 0x000001c2c1141db0, 0x000001c2c1144a50,
0x000001c2c1161080, 0x000001c2c11fd8b0, 0x000001c2c14bca80, 0x000001c2c14bd1c0,
0x000001c2c1abd820, 0x000001c2c194b000, 0x000001c2c1d67c50, 0x000001c2c60ed950,
0x000001c2c60e47b0, 0x000001c2c6018f50, 0x000001c2c601e0b0, 0x000001c2c6098fd0,
0x000001c2c6095ca0, 0x000001c2c60979e0, 0x000001c2c6096b40, 0x000001c2c19216e0,
0x000001c2c1923420
}

Java Threads: ( => current thread )
  0x000001c2dcac2160 JavaThread "main"                              [_thread_blocked, id=5956, stack(0x000000440db00000,0x000000440dc00000) (1024K)]
  0x000001c2c1135740 JavaThread "Reference Handler"          daemon [_thread_blocked, id=53236, stack(0x000000440e300000,0x000000440e400000) (1024K)]
  0x000001c2c1139f90 JavaThread "Finalizer"                  daemon [_thread_blocked, id=31752, stack(0x000000440e400000,0x000000440e500000) (1024K)]
  0x000001c2c113b100 JavaThread "Signal Dispatcher"          daemon [_thread_blocked, id=14676, stack(0x000000440e500000,0x000000440e600000) (1024K)]
  0x000001c2c113b930 JavaThread "Attach Listener"            daemon [_thread_blocked, id=46568, stack(0x000000440e600000,0x000000440e700000) (1024K)]
  0x000001c2c113c160 JavaThread "Service Thread"             daemon [_thread_blocked, id=9064, stack(0x000000440e700000,0x000000440e800000) (1024K)]
  0x000001c2c1141db0 JavaThread "Monitor Deflation Thread"   daemon [_thread_blocked, id=47612, stack(0x000000440e800000,0x000000440e900000) (1024K)]
=>0x000001c2c1144a50 JavaThread "C2 CompilerThread0"         daemon [_thread_in_native, id=50476, stack(0x000000440e900000,0x000000440ea00000) (1024K)]
  0x000001c2c1161080 JavaThread "C1 CompilerThread0"         daemon [_thread_blocked, id=54008, stack(0x000000440ea00000,0x000000440eb00000) (1024K)]
  0x000001c2c11fd8b0 JavaThread "Common-Cleaner"             daemon [_thread_blocked, id=53980, stack(0x000000440eb00000,0x000000440ec00000) (1024K)]
  0x000001c2c14bca80 JavaThread "Monitor Ctrl-Break"         daemon [_thread_in_native, id=47884, stack(0x000000440ec00000,0x000000440ed00000) (1024K)]
  0x000001c2c14bd1c0 JavaThread "Notification Thread"        daemon [_thread_blocked, id=33740, stack(0x000000440ed00000,0x000000440ee00000) (1024K)]
  0x000001c2c1abd820 JavaThread "RMI TCP Accept-0"           daemon [_thread_in_native, id=51388, stack(0x000000440ee00000,0x000000440ef00000) (1024K)]
  0x000001c2c194b000 JavaThread "QuantumRenderer-0"          daemon [_thread_blocked, id=51476, stack(0x000000440ef00000,0x000000440f000000) (1024K)]
  0x000001c2c1d67c50 JavaThread "RMI TCP Connection(idle)"   daemon [_thread_blocked, id=55008, stack(0x000000440f000000,0x000000440f100000) (1024K)]
  0x000001c2c60ed950 JavaThread "RMI Scheduler(0)"           daemon [_thread_blocked, id=50580, stack(0x000000440f100000,0x000000440f200000) (1024K)]
  0x000001c2c60e47b0 JavaThread "JMX server connection timeout 30" daemon [_thread_blocked, id=51796, stack(0x000000440f200000,0x000000440f300000) (1024K)]
  0x000001c2c6018f50 JavaThread "InvokeLaterDispatcher"      daemon [_thread_blocked, id=52652, stack(0x000000440f300000,0x000000440f400000) (1024K)]
  0x000001c2c601e0b0 JavaThread "JavaFX Application Thread"         [_thread_in_native, id=33904, stack(0x000000440f400000,0x000000440f500000) (1024K)]
  0x000001c2c6098fd0 JavaThread "JavaFX-Launcher"                   [_thread_blocked, id=21772, stack(0x0000004410100000,0x0000004410200000) (1024K)]
  0x000001c2c6095ca0 JavaThread "Thread-2"                   daemon [_thread_in_native, id=46552, stack(0x0000004410000000,0x0000004410100000) (1024K)]
  0x000001c2c60979e0 JavaThread "Prism Font Disposer"        daemon [_thread_blocked, id=10760, stack(0x0000004410200000,0x0000004410300000) (1024K)]
  0x000001c2c6096b40 JavaThread "Cleaner-0"                  daemon [_thread_blocked, id=55040, stack(0x0000004410300000,0x0000004410400000) (1024K)]
  0x000001c2c19216e0 JavaThread "RMI TCP Connection(idle)"   daemon [_thread_blocked, id=53596, stack(0x000000440da00000,0x000000440db00000) (1024K)]
  0x000001c2c1923420 JavaThread "RMI TCP Connection(3)-172.31.80.1" daemon [_thread_in_native, id=54492, stack(0x000000440f800000,0x000000440f900000) (1024K)]
Total: 25

Other Threads:
  0x000001c2c11215b0 VMThread "VM Thread"                           [id=52400, stack(0x000000440e200000,0x000000440e300000) (1024K)]
  0x000001c2def72330 WatcherThread "VM Periodic Task Thread"        [id=41748, stack(0x000000440e100000,0x000000440e200000) (1024K)]
  0x000001c2defb3d30 WorkerThread "GC Thread#0"                     [id=42760, stack(0x000000440dc00000,0x000000440dd00000) (1024K)]
  0x000001c2c601eb60 WorkerThread "GC Thread#1"                     [id=35904, stack(0x000000440f500000,0x000000440f600000) (1024K)]
  0x000001c2c601ef10 WorkerThread "GC Thread#2"                     [id=36400, stack(0x000000440f600000,0x000000440f700000) (1024K)]
  0x000001c2c601f2c0 WorkerThread "GC Thread#3"                     [id=37228, stack(0x000000440f700000,0x000000440f800000) (1024K)]
  0x000001c2defbe380 ConcurrentGCThread "G1 Main Marker"            [id=36316, stack(0x000000440dd00000,0x000000440de00000) (1024K)]
  0x000001c2defbfd80 WorkerThread "G1 Conc#0"                       [id=42696, stack(0x000000440de00000,0x000000440df00000) (1024K)]
  0x000001c2df022360 ConcurrentGCThread "G1 Refine#0"               [id=43792, stack(0x000000440df00000,0x000000440e000000) (1024K)]
  0x000001c2df0268b0 ConcurrentGCThread "G1 Service"                [id=53388, stack(0x000000440e000000,0x000000440e100000) (1024K)]
Total: 10

Threads with active compile tasks:
C2 CompilerThread0  336004 5680       4       javax.management.ObjectName::construct (1135 bytes)
Total: 1

VM state: not at safepoint (normal execution)

VM Mutex/Monitor currently owned by a thread: None

Heap address: 0x00000000c4000000, size: 960 MB, Compressed Oops mode: 32-bit

CDS archive(s) mapped at: [0x000001c280000000-0x000001c280d40000-0x000001c280d40000), size 13893632, SharedBaseAddress: 0x000001c280000000, ArchiveRelocationMode: 1.
Compressed class space mapped at: 0x000001c281000000-0x000001c2c1000000, reserved size: 1073741824
UseCompressedClassPointers 1, UseCompactObjectHeaders 0
Narrow klass pointer bits 32, Max shift 3
Narrow klass base: 0x000001c280000000, Narrow klass shift: 0
Encoding Range: [0x000001c280000000 - 0x000001c380000000), (4294967296 bytes)
Klass Range:    [0x000001c280000000 - 0x000001c2c1000000), (1090519040 bytes)
Klass ID Range:  [8 - 1090519033) (1090519025)

GC Precious Log:
 CardTable entry size: 512
 Card Set container configuration: InlinePtr #cards 5 size 8 Array Of Cards #cards 10 size 36 Howl #buckets 4 coarsen threshold 1843 Howl Bitmap #cards 512 size 80 coarsen threshold 460 Card regions per heap region 1 cards per card region 2048
 CPUs: 4 total, 4 available
 Memory: 3836M
 Large Page Support: Disabled
 NUMA Support: Disabled
 Compressed Oops: Enabled (32-bit)
 Heap Region Size: 1M
 Heap Min Capacity: 8M
 Heap Initial Capacity: 60M
 Heap Max Capacity: 960M
 Pre-touch: Disabled
 Parallel Workers: 4
 Concurrent Workers: 1
 Concurrent Refinement Workers: 4
 Periodic GC: Disabled

Heap:
 garbage-first heap   total reserved 983040K, committed 63488K, used 39600K [0x00000000c4000000, 0x0000000100000000)
  region size 1024K, 27 young (27648K), 5 survivors (5120K)
 Metaspace       used 22012K, committed 22400K, reserved 1114112K
  class space    used 2551K, committed 2752K, reserved 1048576K

Heap Regions: E=young(eden), S=young(survivor), O=old, HS=humongous(starts), HC=humongous(continues), CS=collection set, F=free, TAMS=top-at-mark-start, PB=parsable bottom
|   0|0x00000000c4000000, 0x00000000c4100000, 0x00000000c4100000|100%| O|  |TAMS 0x00000000c4000000| PB 0x00000000c4000000| Untracked |  0
|   1|0x00000000c4100000, 0x00000000c4200000, 0x00000000c4200000|100%| O|  |TAMS 0x00000000c4100000| PB 0x00000000c4100000| Untracked |  0
|   2|0x00000000c4200000, 0x00000000c4300000, 0x00000000c4300000|100%| O|  |TAMS 0x00000000c4200000| PB 0x00000000c4200000| Untracked |  0
|   3|0x00000000c4300000, 0x00000000c4400000, 0x00000000c4400000|100%| O|  |TAMS 0x00000000c4300000| PB 0x00000000c4300000| Untracked |  0
|   4|0x00000000c4400000, 0x00000000c4500000, 0x00000000c4500000|100%| O|  |TAMS 0x00000000c4400000| PB 0x00000000c4400000| Untracked |  1
|   5|0x00000000c4500000, 0x00000000c4600000, 0x00000000c4600000|100%| O|  |TAMS 0x00000000c4500000| PB 0x00000000c4500000| Untracked |  0
|   6|0x00000000c4600000, 0x00000000c4700000, 0x00000000c4700000|100%| O|  |TAMS 0x00000000c4600000| PB 0x00000000c4600000| Untracked |  0
|   7|0x00000000c4700000, 0x00000000c4800000, 0x00000000c4800000|100%|HS|  |TAMS 0x00000000c4700000| PB 0x00000000c4700000| Complete |  0
|   8|0x00000000c4800000, 0x00000000c4900000, 0x00000000c4900000|100%|HC|  |TAMS 0x00000000c4800000| PB 0x00000000c4800000| Complete |  0
|   9|0x00000000c4900000, 0x00000000c4a00000, 0x00000000c4a00000|100%| O|  |TAMS 0x00000000c4900000| PB 0x00000000c4900000| Untracked |  0
|  10|0x00000000c4a00000, 0x00000000c4b00000, 0x00000000c4b00000|100%| O|  |TAMS 0x00000000c4a00000| PB 0x00000000c4a00000| Untracked |  0
|  11|0x00000000c4b00000, 0x00000000c4b8fe50, 0x00000000c4c00000| 56%| O|  |TAMS 0x00000000c4b00000| PB 0x00000000c4b00000| Untracked |  0
|  12|0x00000000c4c00000, 0x00000000c4c00000, 0x00000000c4d00000|  0%| F|  |TAMS 0x00000000c4c00000| PB 0x00000000c4c00000| Untracked |  0
|  13|0x00000000c4d00000, 0x00000000c4d00000, 0x00000000c4e00000|  0%| F|  |TAMS 0x00000000c4d00000| PB 0x00000000c4d00000| Untracked |  0
|  14|0x00000000c4e00000, 0x00000000c4e00000, 0x00000000c4f00000|  0%| F|  |TAMS 0x00000000c4e00000| PB 0x00000000c4e00000| Untracked |  0
|  15|0x00000000c4f00000, 0x00000000c4f00000, 0x00000000c5000000|  0%| F|  |TAMS 0x00000000c4f00000| PB 0x00000000c4f00000| Untracked |  0
|  16|0x00000000c5000000, 0x00000000c5000000, 0x00000000c5100000|  0%| F|  |TAMS 0x00000000c5000000| PB 0x00000000c5000000| Untracked |  0
|  17|0x00000000c5100000, 0x00000000c5100000, 0x00000000c5200000|  0%| F|  |TAMS 0x00000000c5100000| PB 0x00000000c5100000| Untracked |  0
|  18|0x00000000c5200000, 0x00000000c5200000, 0x00000000c5300000|  0%| F|  |TAMS 0x00000000c5200000| PB 0x00000000c5200000| Untracked |  0
|  19|0x00000000c5300000, 0x00000000c5300000, 0x00000000c5400000|  0%| F|  |TAMS 0x00000000c5300000| PB 0x00000000c5300000| Untracked |  0
|  20|0x00000000c5400000, 0x00000000c5400000, 0x00000000c5500000|  0%| F|  |TAMS 0x00000000c5400000| PB 0x00000000c5400000| Untracked |  0
|  21|0x00000000c5500000, 0x00000000c5500000, 0x00000000c5600000|  0%| F|  |TAMS 0x00000000c5500000| PB 0x00000000c5500000| Untracked |  0
|  22|0x00000000c5600000, 0x00000000c5600000, 0x00000000c5700000|  0%| F|  |TAMS 0x00000000c5600000| PB 0x00000000c5600000| Untracked |  0
|  23|0x00000000c5700000, 0x00000000c5800000, 0x00000000c5800000|100%| S|CS|TAMS 0x00000000c5700000| PB 0x00000000c5700000| Complete |  0
|  24|0x00000000c5800000, 0x00000000c5900000, 0x00000000c5900000|100%| S|CS|TAMS 0x00000000c5800000| PB 0x00000000c5800000| Complete |  0
|  25|0x00000000c5900000, 0x00000000c5900000, 0x00000000c5a00000|  0%| F|  |TAMS 0x00000000c5900000| PB 0x00000000c5900000| Untracked |  0
|  26|0x00000000c5a00000, 0x00000000c5a00000, 0x00000000c5b00000|  0%| F|  |TAMS 0x00000000c5a00000| PB 0x00000000c5a00000| Untracked |  0
|  27|0x00000000c5b00000, 0x00000000c5b00000, 0x00000000c5c00000|  0%| F|  |TAMS 0x00000000c5b00000| PB 0x00000000c5b00000| Untracked |  0
|  28|0x00000000c5c00000, 0x00000000c5d00000, 0x00000000c5d00000|100%| S|CS|TAMS 0x00000000c5c00000| PB 0x00000000c5c00000| Complete |  0
|  29|0x00000000c5d00000, 0x00000000c5e00000, 0x00000000c5e00000|100%| S|CS|TAMS 0x00000000c5d00000| PB 0x00000000c5d00000| Complete |  0
|  30|0x00000000c5e00000, 0x00000000c5f00000, 0x00000000c5f00000|100%| S|CS|TAMS 0x00000000c5e00000| PB 0x00000000c5e00000| Complete |  0
|  31|0x00000000c5f00000, 0x00000000c5f00000, 0x00000000c6000000|  0%| F|  |TAMS 0x00000000c5f00000| PB 0x00000000c5f00000| Untracked |  0
|  32|0x00000000c6000000, 0x00000000c6000000, 0x00000000c6100000|  0%| F|  |TAMS 0x00000000c6000000| PB 0x00000000c6000000| Untracked |  0
|  33|0x00000000c6100000, 0x00000000c6100000, 0x00000000c6200000|  0%| F|  |TAMS 0x00000000c6100000| PB 0x00000000c6100000| Untracked |  0
|  34|0x00000000c6200000, 0x00000000c6200000, 0x00000000c6300000|  0%| F|  |TAMS 0x00000000c6200000| PB 0x00000000c6200000| Untracked |  0
|  35|0x00000000c6300000, 0x00000000c6300000, 0x00000000c6400000|  0%| F|  |TAMS 0x00000000c6300000| PB 0x00000000c6300000| Untracked |  0
|  36|0x00000000c6400000, 0x00000000c6400000, 0x00000000c6500000|  0%| F|  |TAMS 0x00000000c6400000| PB 0x00000000c6400000| Untracked |  0
|  37|0x00000000c6500000, 0x00000000c6500000, 0x00000000c6600000|  0%| F|  |TAMS 0x00000000c6500000| PB 0x00000000c6500000| Untracked |  0
|  38|0x00000000c6600000, 0x00000000c6613100, 0x00000000c6700000|  7%| E|  |TAMS 0x00000000c6600000| PB 0x00000000c6600000| Complete |  0
|  39|0x00000000c6700000, 0x00000000c6800000, 0x00000000c6800000|100%| E|CS|TAMS 0x00000000c6700000| PB 0x00000000c6700000| Complete |  0
|  40|0x00000000c6800000, 0x00000000c6900000, 0x00000000c6900000|100%| E|CS|TAMS 0x00000000c6800000| PB 0x00000000c6800000| Complete |  0
|  41|0x00000000c6900000, 0x00000000c6a00000, 0x00000000c6a00000|100%| E|CS|TAMS 0x00000000c6900000| PB 0x00000000c6900000| Complete |  0
|  42|0x00000000c6a00000, 0x00000000c6b00000, 0x00000000c6b00000|100%| E|CS|TAMS 0x00000000c6a00000| PB 0x00000000c6a00000| Complete |  0
|  43|0x00000000c6b00000, 0x00000000c6c00000, 0x00000000c6c00000|100%| E|CS|TAMS 0x00000000c6b00000| PB 0x00000000c6b00000| Complete |  0
|  44|0x00000000c6c00000, 0x00000000c6d00000, 0x00000000c6d00000|100%| E|CS|TAMS 0x00000000c6c00000| PB 0x00000000c6c00000| Complete |  0
|  45|0x00000000c6d00000, 0x00000000c6e00000, 0x00000000c6e00000|100%| E|CS|TAMS 0x00000000c6d00000| PB 0x00000000c6d00000| Complete |  0
|  46|0x00000000c6e00000, 0x00000000c6f00000, 0x00000000c6f00000|100%| E|CS|TAMS 0x00000000c6e00000| PB 0x00000000c6e00000| Complete |  0
|  47|0x00000000c6f00000, 0x00000000c7000000, 0x00000000c7000000|100%| E|CS|TAMS 0x00000000c6f00000| PB 0x00000000c6f00000| Complete |  0
|  48|0x00000000c7000000, 0x00000000c7100000, 0x00000000c7100000|100%| E|CS|TAMS 0x00000000c7000000| PB 0x00000000c7000000| Complete |  0
|  49|0x00000000c7100000, 0x00000000c7200000, 0x00000000c7200000|100%| E|CS|TAMS 0x00000000c7100000| PB 0x00000000c7100000| Complete |  0
|  50|0x00000000c7200000, 0x00000000c7300000, 0x00000000c7300000|100%| E|CS|TAMS 0x00000000c7200000| PB 0x00000000c7200000| Complete |  0
|  51|0x00000000c7300000, 0x00000000c7400000, 0x00000000c7400000|100%| E|CS|TAMS 0x00000000c7300000| PB 0x00000000c7300000| Complete |  0
|  52|0x00000000c7400000, 0x00000000c7500000, 0x00000000c7500000|100%| E|CS|TAMS 0x00000000c7400000| PB 0x00000000c7400000| Complete |  0
|  53|0x00000000c7500000, 0x00000000c7600000, 0x00000000c7600000|100%| E|CS|TAMS 0x00000000c7500000| PB 0x00000000c7500000| Complete |  0
|  54|0x00000000c7600000, 0x00000000c7700000, 0x00000000c7700000|100%| E|CS|TAMS 0x00000000c7600000| PB 0x00000000c7600000| Complete |  0
|  55|0x00000000c7700000, 0x00000000c7800000, 0x00000000c7800000|100%| E|CS|TAMS 0x00000000c7700000| PB 0x00000000c7700000| Complete |  0
|  56|0x00000000c7800000, 0x00000000c7900000, 0x00000000c7900000|100%| E|CS|TAMS 0x00000000c7800000| PB 0x00000000c7800000| Complete |  0
|  57|0x00000000c7900000, 0x00000000c7a00000, 0x00000000c7a00000|100%| E|CS|TAMS 0x00000000c7900000| PB 0x00000000c7900000| Complete |  0
|  58|0x00000000c7a00000, 0x00000000c7b00000, 0x00000000c7b00000|100%| E|CS|TAMS 0x00000000c7a00000| PB 0x00000000c7a00000| Complete |  0
|  59|0x00000000c7b00000, 0x00000000c7c00000, 0x00000000c7c00000|100%| E|CS|TAMS 0x00000000c7b00000| PB 0x00000000c7b00000| Complete |  0
| 958|0x00000000ffe00000, 0x00000000fff00000, 0x00000000fff00000|100%| O|  |TAMS 0x00000000ffe00000| PB 0x00000000ffe00000| Untracked |  0
| 959|0x00000000fff00000, 0x00000000fff1c330, 0x0000000100000000| 11%| O|Cm|TAMS 0x00000000fff00000| PB 0x00000000fff00000| Complete |  0

Card table byte_map: [0x000001c2f6a00000,0x000001c2f6be0000] _byte_map_base: 0x000001c2f63e0000

Marking Bits: (CMBitMap*) 0x000001c2defb4440
 Bits: [0x000001c2f6be0000, 0x000001c2f7ae0000)

Polling page: 0x000001c2dcd30000

Metaspace:

Usage:
  Non-class:     19.00 MB used.
      Class:      2.49 MB used.
       Both:     21.50 MB used.

Virtual space:
  Non-class space:       64.00 MB reserved,      19.19 MB ( 30%) committed,  1 nodes.
      Class space:        1.00 GB reserved,       2.69 MB ( <1%) committed,  1 nodes.
             Both:        1.06 GB reserved,      21.88 MB (  2%) committed. 

Chunk freelists:
   Non-Class:  12.76 MB
       Class:  13.24 MB
        Both:  26.01 MB

MaxMetaspaceSize: unlimited
CompressedClassSpaceSize: 1.00 GB
Initial GC threshold: 21.00 MB
Current GC threshold: 35.12 MB
CDS: on
 - commit_granule_bytes: 65536.
 - commit_granule_words: 8192.
 - virtual_space_node_default_size: 8388608.
 - enlarge_chunks_in_place: 1.
UseCompressedClassPointers 1, UseCompactObjectHeaders 0
Narrow klass pointer bits 32, Max shift 3
Narrow klass base: 0x000001c280000000, Narrow klass shift: 0
Encoding Range: [0x000001c280000000 - 0x000001c380000000), (4294967296 bytes)
Klass Range:    [0x000001c280000000 - 0x000001c2c1000000), (1090519040 bytes)
Klass ID Range:  [8 - 1090519033) (1090519025)


Internal statistics:

num_allocs_failed_limit: 3.
num_arena_births: 332.
num_arena_deaths: 2.
num_vsnodes_births: 2.
num_vsnodes_deaths: 0.
num_space_committed: 350.
num_space_uncommitted: 0.
num_chunks_returned_to_freelist: 5.
num_chunks_taken_from_freelist: 944.
num_chunk_merges: 0.
num_chunk_splits: 612.
num_chunks_enlarged: 415.
num_inconsistent_stats: 0.

CodeHeap 'non-profiled nmethods': size=120064Kb used=1939Kb max_used=1939Kb free=118124Kb
 bounds [0x000001c2ef2e0000, 0x000001c2ef550000, 0x000001c2f6820000]
CodeHeap 'profiled nmethods': size=120000Kb used=10396Kb max_used=10396Kb free=109603Kb
 bounds [0x000001c2e7820000, 0x000001c2e8250000, 0x000001c2eed50000]
CodeHeap 'non-nmethods': size=5696Kb used=1872Kb max_used=1940Kb free=3823Kb
 bounds [0x000001c2eed50000, 0x000001c2eefc0000, 0x000001c2ef2e0000]
CodeCache: size=245760Kb, used=14207Kb, max_used=14275Kb, free=231550Kb
 total_blobs=6478, nmethods=5644, adapters=739, full_count=0
Compilation: enabled, stopped_count=0, restarted_count=0

Compilation events (20 events):
Event: 333.652 Thread 0x000001c2c1161080 nmethod 5669 0x000001c2e8240708 code [0x000001c2e8240820, 0x000001c2e8240968]
Event: 333.652 Thread 0x000001c2c1161080 5670       3       com.sun.javafx.sg.prism.NGNode::getRenderRoot (90 bytes)
Event: 333.658 Thread 0x000001c2c1161080 nmethod 5670 0x000001c2e8240a08 code [0x000001c2e8240bc0, 0x000001c2e82413d0]
Event: 334.640 Thread 0x000001c2c1161080 5672   !   3       com.sun.javafx.tk.RenderJob::run (95 bytes)
Event: 334.649 Thread 0x000001c2c1161080 nmethod 5672 0x000001c2e8241408 code [0x000001c2e82416a0, 0x000001c2e82425e0]
Event: 334.649 Thread 0x000001c2c1161080 5673       3       com.sun.javafx.tk.quantum.QuantumRenderer::afterExecute (31 bytes)
Event: 334.652 Thread 0x000001c2c1161080 nmethod 5673 0x000001c2e8242688 code [0x000001c2e8242820, 0x000001c2e8242da8]
Event: 335.634 Thread 0x000001c2c1161080 5674       3       java.text.Bidi::<init> (199 bytes)
Event: 335.639 Thread 0x000001c2c1161080 nmethod 5674 0x000001c2e8242e08 code [0x000001c2e82431e0, 0x000001c2e8245570]
Event: 335.639 Thread 0x000001c2c1161080 5679       3       javafx.scene.Scene::clearDirty (8 bytes)
Event: 335.643 Thread 0x000001c2c1161080 nmethod 5679 0x000001c2e8245608 code [0x000001c2e8245720, 0x000001c2e82458a8]
Event: 335.643 Thread 0x000001c2c1161080 5675       3       jdk.internal.icu.text.BidiBase::getRunStart (50 bytes)
Event: 335.644 Thread 0x000001c2c1161080 nmethod 5675 0x000001c2e8245908 code [0x000001c2e8245a80, 0x000001c2e8245ef8]
Event: 335.644 Thread 0x000001c2c1161080 5676       3       jdk.internal.icu.text.BidiBase::getLevelAt (38 bytes)
Event: 335.645 Thread 0x000001c2c1161080 nmethod 5676 0x000001c2e8245f88 code [0x000001c2e8246120, 0x000001c2e8246740]
Event: 335.645 Thread 0x000001c2c1161080 5677       3       jdk.internal.icu.text.BidiBase::getRunLimit (82 bytes)
Event: 335.645 Thread 0x000001c2c1161080 nmethod 5677 0x000001c2e8246788 code [0x000001c2e8246920, 0x000001c2e8246e18]
Event: 335.645 Thread 0x000001c2c1161080 5678       3       com.sun.javafx.text.GlyphLayout::addTextRun (57 bytes)
Event: 335.651 Thread 0x000001c2c1161080 nmethod 5678 0x000001c2e8246e88 code [0x000001c2e8246fe0, 0x000001c2e8247300]
Event: 335.750 Thread 0x000001c2c1144a50 5680       4       javax.management.ObjectName::construct (1135 bytes)

GC Heap History (8 events):
Event: 3.273 GC heap before
{Heap before GC invocations=0 (full 0):
 garbage-first heap   total reserved 983040K, committed 63488K, used 28784K [0x00000000c4000000, 0x0000000100000000)
  region size 1024K, 28 young (28672K), 0 survivors (0K)
 Metaspace       used 7843K, committed 8064K, reserved 1114112K
  class space    used 684K, committed 768K, reserved 1048576K
}
Event: 3.283 GC heap after
{Heap after GC invocations=1 (full 0):
 garbage-first heap   total reserved 983040K, committed 63488K, used 4822K [0x00000000c4000000, 0x0000000100000000)
  region size 1024K, 4 young (4096K), 4 survivors (4096K)
 Metaspace       used 7843K, committed 8064K, reserved 1114112K
  class space    used 684K, committed 768K, reserved 1048576K
}
Event: 5.148 GC heap before
{Heap before GC invocations=1 (full 0):
 garbage-first heap   total reserved 983040K, committed 63488K, used 29398K [0x00000000c4000000, 0x0000000100000000)
  region size 1024K, 29 young (29696K), 4 survivors (4096K)
 Metaspace       used 12500K, committed 12800K, reserved 1114112K
  class space    used 1193K, committed 1344K, reserved 1048576K
}
Event: 5.155 GC heap after
{Heap after GC invocations=2 (full 0):
 garbage-first heap   total reserved 983040K, committed 63488K, used 7812K [0x00000000c4000000, 0x0000000100000000)
  region size 1024K, 3 young (3072K), 3 survivors (3072K)
 Metaspace       used 12500K, committed 12800K, reserved 1114112K
  class space    used 1193K, committed 1344K, reserved 1048576K
}
Event: 5.966 GC heap before
{Heap before GC invocations=2 (full 0):
 garbage-first heap   total reserved 983040K, committed 63488K, used 36484K [0x00000000c4000000, 0x0000000100000000)
  region size 1024K, 32 young (32768K), 3 survivors (3072K)
 Metaspace       used 17363K, committed 17664K, reserved 1114112K
  class space    used 2033K, committed 2176K, reserved 1048576K
}
Event: 5.975 GC heap after
{Heap after GC invocations=3 (full 0):
 garbage-first heap   total reserved 983040K, committed 63488K, used 10619K [0x00000000c4000000, 0x0000000100000000)
  region size 1024K, 3 young (3072K), 3 survivors (3072K)
 Metaspace       used 17363K, committed 17664K, reserved 1114112K
  class space    used 2033K, committed 2176K, reserved 1048576K
}
Event: 43.977 GC heap before
{Heap before GC invocations=3 (full 0):
 garbage-first heap   total reserved 983040K, committed 63488K, used 40315K [0x00000000c4000000, 0x0000000100000000)
  region size 1024K, 32 young (32768K), 3 survivors (3072K)
 Metaspace       used 21225K, committed 21504K, reserved 1114112K
  class space    used 2542K, committed 2624K, reserved 1048576K
}
Event: 44.001 GC heap after
{Heap after GC invocations=4 (full 0):
 garbage-first heap   total reserved 983040K, committed 63488K, used 18096K [0x00000000c4000000, 0x0000000100000000)
  region size 1024K, 5 young (5120K), 5 survivors (5120K)
 Metaspace       used 21225K, committed 21504K, reserved 1114112K
  class space    used 2542K, committed 2624K, reserved 1048576K
}

Dll operation events (20 events):
Event: 2.350 Loaded shared library C:\Users\pc\Downloads\javafx-sdk-24.0.2\bin\api-ms-win-crt-heap-l1-1-0.dll
Event: 2.390 Loaded shared library C:\Users\pc\Downloads\javafx-sdk-24.0.2\bin\api-ms-win-crt-locale-l1-1-0.dll
Event: 2.414 Loaded shared library C:\Users\pc\Downloads\javafx-sdk-24.0.2\bin\api-ms-win-crt-math-l1-1-0.dll
Event: 2.427 Loaded shared library C:\Users\pc\Downloads\javafx-sdk-24.0.2\bin\api-ms-win-crt-multibyte-l1-1-0.dll
Event: 2.457 Loaded shared library C:\Users\pc\Downloads\javafx-sdk-24.0.2\bin\api-ms-win-crt-private-l1-1-0.dll
Event: 2.471 Loaded shared library C:\Users\pc\Downloads\javafx-sdk-24.0.2\bin\api-ms-win-crt-process-l1-1-0.dll
Event: 2.494 Loaded shared library C:\Users\pc\Downloads\javafx-sdk-24.0.2\bin\api-ms-win-crt-runtime-l1-1-0.dll
Event: 2.502 Loaded shared library C:\Users\pc\Downloads\javafx-sdk-24.0.2\bin\api-ms-win-crt-stdio-l1-1-0.dll
Event: 2.506 Loaded shared library C:\Users\pc\Downloads\javafx-sdk-24.0.2\bin\api-ms-win-crt-string-l1-1-0.dll
Event: 2.514 Loaded shared library C:\Users\pc\Downloads\javafx-sdk-24.0.2\bin\api-ms-win-crt-time-l1-1-0.dll
Event: 2.536 Loaded shared library C:\Users\pc\Downloads\javafx-sdk-24.0.2\bin\api-ms-win-crt-utility-l1-1-0.dll
Event: 2.583 Loaded shared library C:\Users\pc\Downloads\javafx-sdk-24.0.2\bin\ucrtbase.dll
Event: 2.599 Loaded shared library C:\Users\pc\Downloads\javafx-sdk-24.0.2\bin\vcruntime140.dll
Event: 2.633 Loaded shared library C:\Users\pc\Downloads\javafx-sdk-24.0.2\bin\vcruntime140_1.dll
Event: 2.684 Loaded shared library C:\Users\pc\Downloads\javafx-sdk-24.0.2\bin\msvcp140.dll
Event: 2.698 Loaded shared library C:\Users\pc\Downloads\javafx-sdk-24.0.2\bin\msvcp140_1.dll
Event: 2.712 Loaded shared library C:\Users\pc\Downloads\javafx-sdk-24.0.2\bin\msvcp140_2.dll
Event: 2.848 Loaded shared library C:\Users\pc\Downloads\javafx-sdk-24.0.2\bin\prism_d3d.dll
Event: 3.234 Loaded shared library C:\Users\pc\Downloads\javafx-sdk-24.0.2\bin\glass.dll
Event: 5.254 Loaded shared library C:\Users\pc\Downloads\javafx-sdk-24.0.2\bin\javafx_font.dll

Deoptimization events (20 events):
Event: 319.750 Thread 0x000001c2c19216e0 Uncommon trap: trap_request=0xffffff4d fr.pc=0x000001c2ef46022c relative=0x00000000000001ec
Event: 319.750 Thread 0x000001c2c19216e0 Uncommon trap: reason=unstable_if action=reinterpret pc=0x000001c2ef46022c method=java.io.BufferedInputStream.read()I @ 23 c2
Event: 319.750 Thread 0x000001c2c19216e0 DEOPT PACKING pc=0x000001c2ef46022c sp=0x000000440daff0f0
Event: 319.750 Thread 0x000001c2c19216e0 DEOPT UNPACKING pc=0x000001c2eee6f802 sp=0x000000440daff090 mode 2
Event: 319.758 Thread 0x000001c2c1d67c50 Uncommon trap: trap_request=0xffffff4d fr.pc=0x000001c2ef46022c relative=0x00000000000001ec
Event: 319.758 Thread 0x000001c2c1d67c50 Uncommon trap: reason=unstable_if action=reinterpret pc=0x000001c2ef46022c method=java.io.BufferedInputStream.read()I @ 23 c2
Event: 319.758 Thread 0x000001c2c1d67c50 DEOPT PACKING pc=0x000001c2ef46022c sp=0x000000440f0ff300
Event: 319.758 Thread 0x000001c2c1d67c50 DEOPT UNPACKING pc=0x000001c2eee6f802 sp=0x000000440f0ff2a0 mode 2
Event: 319.916 Thread 0x000001c2c1d67c50 Uncommon trap: trap_request=0xffffffde fr.pc=0x000001c2ef3563cc relative=0x0000000000000bcc
Event: 319.917 Thread 0x000001c2c1d67c50 Uncommon trap: reason=class_check action=maybe_recompile pc=0x000001c2ef3563cc method=java.util.concurrent.ConcurrentHashMap.putVal(Ljava/lang/Object;Ljava/lang/Object;Z)Ljava/lang/Object; @ 242 c2
Event: 319.917 Thread 0x000001c2c1d67c50 DEOPT PACKING pc=0x000001c2ef3563cc sp=0x000000440f0fee30
Event: 319.921 Thread 0x000001c2c1d67c50 DEOPT UNPACKING pc=0x000001c2eee6f802 sp=0x000000440f0fed90 mode 2
Event: 319.934 Thread 0x000001c2c19216e0 Uncommon trap: trap_request=0xffffffde fr.pc=0x000001c2ef3563cc relative=0x0000000000000bcc
Event: 319.934 Thread 0x000001c2c19216e0 Uncommon trap: reason=class_check action=maybe_recompile pc=0x000001c2ef3563cc method=java.util.concurrent.ConcurrentHashMap.putVal(Ljava/lang/Object;Ljava/lang/Object;Z)Ljava/lang/Object; @ 242 c2
Event: 319.934 Thread 0x000001c2c19216e0 DEOPT PACKING pc=0x000001c2ef3563cc sp=0x000000440dafe0f0
Event: 319.934 Thread 0x000001c2c19216e0 DEOPT UNPACKING pc=0x000001c2eee6f802 sp=0x000000440dafe050 mode 2
Event: 319.939 Thread 0x000001c2c19216e0 Uncommon trap: trap_request=0xffffffde fr.pc=0x000001c2ef3563cc relative=0x0000000000000bcc
Event: 319.939 Thread 0x000001c2c19216e0 Uncommon trap: reason=class_check action=maybe_recompile pc=0x000001c2ef3563cc method=java.util.concurrent.ConcurrentHashMap.putVal(Ljava/lang/Object;Ljava/lang/Object;Z)Ljava/lang/Object; @ 242 c2
Event: 319.939 Thread 0x000001c2c19216e0 DEOPT PACKING pc=0x000001c2ef3563cc sp=0x000000440dafec10
Event: 319.939 Thread 0x000001c2c19216e0 DEOPT UNPACKING pc=0x000001c2eee6f802 sp=0x000000440dafeb70 mode 2

Classes loaded (20 events):
Event: 43.768 Loading class jdk/internal/icu/util/CodePointTrie$Type
Event: 43.768 Loading class jdk/internal/icu/util/CodePointTrie$Type done
Event: 43.768 Loading class java/nio/ByteBufferAsCharBufferB
Event: 43.769 Loading class java/nio/ByteBufferAsCharBufferB done
Event: 43.770 Loading class jdk/internal/icu/util/CodePointTrie$Small16
Event: 43.770 Loading class jdk/internal/icu/util/CodePointTrie$Small
Event: 43.770 Loading class jdk/internal/icu/util/CodePointTrie$Small done
Event: 43.770 Loading class jdk/internal/icu/util/CodePointTrie$Small16 done
Event: 43.770 Loading class jdk/internal/icu/util/CodePointTrie$Data16
Event: 43.771 Loading class jdk/internal/icu/util/CodePointTrie$Data
Event: 43.771 Loading class jdk/internal/icu/util/CodePointTrie$Data done
Event: 43.771 Loading class jdk/internal/icu/util/CodePointTrie$Data16 done
Event: 43.974 Loading class java/lang/CharacterData01
Event: 44.001 Loading class java/lang/CharacterData01 done
Event: 44.631 Loading class sun/util/resources/LocaleData$CommonResourceBundleProvider
Event: 44.632 Loading class sun/util/resources/LocaleData$LocaleDataResourceBundleProvider
Event: 44.632 Loading class java/util/spi/ResourceBundleProvider
Event: 44.632 Loading class java/util/spi/ResourceBundleProvider done
Event: 44.632 Loading class sun/util/resources/LocaleData$LocaleDataResourceBundleProvider done
Event: 44.632 Loading class sun/util/resources/LocaleData$CommonResourceBundleProvider done

Classes unloaded (1 events):
Event: 44.037 Thread 0x000001c2c11215b0 Unloading class 0x000001c281007800 'java/lang/invoke/LambdaForm$MH+0x000001c281007800'

Classes redefined (0 events):
No events

Internal exceptions (20 events):
Event: 6.744 Thread 0x000001c2c194b000 Exception <a 'java/lang/NoSuchMethodError'{0x00000000c6c889c0}: 'int java.lang.invoke.DirectMethodHandle$Holder.invokeStaticInit(java.lang.Object, java.lang.Object)'> (0x00000000c6c889c0) 
thrown [s\open\src\hotspot\share\interpreter\linkResolver.cpp, line 805]
Event: 6.749 Thread 0x000001c2c601e0b0 Exception <a 'java/lang/NoSuchMethodError'{0x00000000c6c55538}: 'long java.lang.invoke.DirectMethodHandle$Holder.invokeStatic(java.lang.Object, java.lang.Object, java.lang.Object)'> (0x00000000c6c55538) 
thrown [s\open\src\hotspot\share\interpreter\linkResolver.cpp, line 805]
Event: 6.750 Thread 0x000001c2c601e0b0 Exception <a 'java/lang/NoSuchMethodError'{0x00000000c6c5d398}: 'long java.lang.invoke.DirectMethodHandle$Holder.invokeStaticInit(java.lang.Object, java.lang.Object, java.lang.Object)'> (0x00000000c6c5d398) 
thrown [s\open\src\hotspot\share\interpreter\linkResolver.cpp, line 805]
Event: 43.849 Thread 0x000001c2c601e0b0 Exception <a 'java/io/FileNotFoundException'{0x00000000c612b120}> (0x00000000c612b120) 
thrown [s\open\src\hotspot\share\prims\jni.cpp, line 518]
Event: 43.860 Thread 0x000001c2c601e0b0 Exception <a 'java/io/FileNotFoundException'{0x00000000c613bda0}> (0x00000000c613bda0) 
thrown [s\open\src\hotspot\share\prims\jni.cpp, line 518]
Event: 43.864 Thread 0x000001c2c601e0b0 Exception <a 'java/io/FileNotFoundException'{0x00000000c6141d48}> (0x00000000c6141d48) 
thrown [s\open\src\hotspot\share\prims\jni.cpp, line 518]
Event: 43.865 Thread 0x000001c2c601e0b0 Exception <a 'java/io/FileNotFoundException'{0x00000000c6145038}> (0x00000000c6145038) 
thrown [s\open\src\hotspot\share\prims\jni.cpp, line 518]
Event: 43.869 Thread 0x000001c2c601e0b0 Exception <a 'java/io/FileNotFoundException'{0x00000000c614aab0}> (0x00000000c614aab0) 
thrown [s\open\src\hotspot\share\prims\jni.cpp, line 518]
Event: 43.872 Thread 0x000001c2c601e0b0 Exception <a 'java/io/FileNotFoundException'{0x00000000c614ffd8}> (0x00000000c614ffd8) 
thrown [s\open\src\hotspot\share\prims\jni.cpp, line 518]
Event: 43.872 Thread 0x000001c2c601e0b0 Exception <a 'java/io/FileNotFoundException'{0x00000000c6151128}> (0x00000000c6151128) 
thrown [s\open\src\hotspot\share\prims\jni.cpp, line 518]
Event: 43.878 Thread 0x000001c2c601e0b0 Exception <a 'java/io/FileNotFoundException'{0x00000000c61596c8}> (0x00000000c61596c8) 
thrown [s\open\src\hotspot\share\prims\jni.cpp, line 518]
Event: 43.879 Thread 0x000001c2c601e0b0 Exception <a 'java/io/FileNotFoundException'{0x00000000c615de28}> (0x00000000c615de28) 
thrown [s\open\src\hotspot\share\prims\jni.cpp, line 518]
Event: 43.886 Thread 0x000001c2c601e0b0 Exception <a 'java/io/FileNotFoundException'{0x00000000c61688c0}> (0x00000000c61688c0) 
thrown [s\open\src\hotspot\share\prims\jni.cpp, line 518]
Event: 43.890 Thread 0x000001c2c601e0b0 Exception <a 'java/io/FileNotFoundException'{0x00000000c6170dc0}> (0x00000000c6170dc0) 
thrown [s\open\src\hotspot\share\prims\jni.cpp, line 518]
Event: 43.927 Thread 0x000001c2c601e0b0 Exception <a 'java/io/FileNotFoundException'{0x00000000c619fd38}> (0x00000000c619fd38) 
thrown [s\open\src\hotspot\share\prims\jni.cpp, line 518]
Event: 43.927 Thread 0x000001c2c601e0b0 Exception <a 'java/io/FileNotFoundException'{0x00000000c61a0ec0}> (0x00000000c61a0ec0) 
thrown [s\open\src\hotspot\share\prims\jni.cpp, line 518]
Event: 43.943 Thread 0x000001c2c601e0b0 Exception <a 'java/io/FileNotFoundException'{0x00000000c61d33f0}> (0x00000000c61d33f0) 
thrown [s\open\src\hotspot\share\prims\jni.cpp, line 518]
Event: 43.943 Thread 0x000001c2c601e0b0 Exception <a 'java/io/FileNotFoundException'{0x00000000c61d4520}> (0x00000000c61d4520) 
thrown [s\open\src\hotspot\share\prims\jni.cpp, line 518]
Event: 43.947 Thread 0x000001c2c601e0b0 Exception <a 'java/io/FileNotFoundException'{0x00000000c61f94a0}> (0x00000000c61f94a0) 
thrown [s\open\src\hotspot\share\prims\jni.cpp, line 518]
Event: 43.947 Thread 0x000001c2c601e0b0 Exception <a 'java/io/FileNotFoundException'{0x00000000c61fa5d0}> (0x00000000c61fa5d0) 
thrown [s\open\src\hotspot\share\prims\jni.cpp, line 518]

VM Operations (20 events):
Event: 44.037 Executing VM operation: G1PauseRemark
Event: 44.072 Executing VM operation: G1PauseRemark done
Event: 44.081 Executing VM operation: G1PauseCleanup
Event: 44.081 Executing VM operation: G1PauseCleanup done
Event: 60.251 Executing VM operation: HandshakeAllThreads (HandshakeForDeflation)
Event: 60.251 Executing VM operation: HandshakeAllThreads (HandshakeForDeflation) done
Event: 60.252 Executing VM operation: RendezvousGCThreads
Event: 60.252 Executing VM operation: RendezvousGCThreads done
Event: 120.464 Executing VM operation: HandshakeAllThreads (HandshakeForDeflation)
Event: 120.467 Executing VM operation: HandshakeAllThreads (HandshakeForDeflation) done
Event: 120.467 Executing VM operation: RendezvousGCThreads
Event: 120.467 Executing VM operation: RendezvousGCThreads done
Event: 180.698 Executing VM operation: HandshakeAllThreads (HandshakeForDeflation)
Event: 180.700 Executing VM operation: HandshakeAllThreads (HandshakeForDeflation) done
Event: 180.700 Executing VM operation: RendezvousGCThreads
Event: 180.700 Executing VM operation: RendezvousGCThreads done
Event: 300.848 Executing VM operation: HandshakeAllThreads (HandshakeForDeflation)
Event: 300.860 Executing VM operation: HandshakeAllThreads (HandshakeForDeflation) done
Event: 300.861 Executing VM operation: RendezvousGCThreads
Event: 300.861 Executing VM operation: RendezvousGCThreads done

Memory protections (0 events):
No events

Nmethod flushes (0 events):
No events

Events (20 events):
Event: 0.220 Thread 0x000001c2dcac2160 Thread added: 0x000001c2c113c160
Event: 0.220 Thread 0x000001c2dcac2160 Thread added: 0x000001c2c1141db0
Event: 0.220 Thread 0x000001c2dcac2160 Thread added: 0x000001c2c1144a50
Event: 0.221 Thread 0x000001c2dcac2160 Thread added: 0x000001c2c1161080
Event: 0.299 Thread 0x000001c2dcac2160 Thread added: 0x000001c2c11fd8b0
Event: 1.384 Thread 0x000001c2dcac2160 Thread added: 0x000001c2c14bca80
Event: 1.384 Thread 0x000001c2dcac2160 Thread added: 0x000001c2c14bd1c0
Event: 2.255 Thread 0x000001c2c113b930 Thread added: 0x000001c2c1abd820
Event: 2.790 Thread 0x000001c2dcac2160 Thread added: 0x000001c2c194b000
Event: 3.054 Thread 0x000001c2c1abd820 Thread added: 0x000001c2c1d67c50
Event: 3.121 Thread 0x000001c2c1d67c50 Thread added: 0x000001c2c60ed950
Event: 3.135 Thread 0x000001c2c1d67c50 Thread added: 0x000001c2c60e47b0
Event: 3.239 Thread 0x000001c2dcac2160 Thread added: 0x000001c2c6018f50
Event: 3.270 Thread 0x000001c2dcac2160 Thread added: 0x000001c2c601e0b0
Event: 3.854 Thread 0x000001c2dcac2160 Thread added: 0x000001c2c6098fd0
Event: 3.861 Thread 0x000001c2c6095ca0 Thread added: 0x000001c2c6095ca0
Event: 5.906 Thread 0x000001c2c601e0b0 Thread added: 0x000001c2c60979e0
Event: 6.880 Thread 0x000001c2c194b000 Thread added: 0x000001c2c6096b40
Event: 304.264 Thread 0x000001c2c1abd820 Thread added: 0x000001c2c19216e0
Event: 304.304 Thread 0x000001c2c1abd820 Thread added: 0x000001c2c1923420


Dynamic libraries:
0x00007ff720cf0000 - 0x00007ff720cfe000 	C:\Users\pc\.jdks\openjdk-24.0.2+12-54\bin\java.exe
0x00007ff984da0000 - 0x00007ff985009000 	C:\WINDOWS\SYSTEM32\ntdll.dll
0x00007ff984bd0000 - 0x00007ff984c99000 	C:\WINDOWS\System32\KERNEL32.DLL
0x00007ff982350000 - 0x00007ff982743000 	C:\WINDOWS\System32\KERNELBASE.dll
0x00007ff9828a0000 - 0x00007ff9829eb000 	C:\WINDOWS\System32\ucrtbase.dll
0x00007ff971590000 - 0x00007ff9715ab000 	C:\Users\pc\.jdks\openjdk-24.0.2+12-54\bin\VCRUNTIME140.dll
0x00007ff96c9a0000 - 0x00007ff96c9b6000 	C:\Users\pc\.jdks\openjdk-24.0.2+12-54\bin\jli.dll
0x00007ff984a00000 - 0x00007ff984bc4000 	C:\WINDOWS\System32\USER32.dll
0x00007ff96cd80000 - 0x00007ff96d013000 	C:\WINDOWS\WinSxS\amd64_microsoft.windows.common-controls_6595b64144ccf1df_6.0.26100.5074_none_3e0d6f78e32fd63f\COMCTL32.dll
0x00007ff982eb0000 - 0x00007ff982f59000 	C:\WINDOWS\System32\msvcrt.dll
0x00007ff982290000 - 0x00007ff9822b7000 	C:\WINDOWS\System32\win32u.dll
0x00007ff982e20000 - 0x00007ff982e4b000 	C:\WINDOWS\System32\GDI32.dll
0x00007ff982160000 - 0x00007ff98228d000 	C:\WINDOWS\System32\gdi32full.dll
0x00007ff9827f0000 - 0x00007ff982893000 	C:\WINDOWS\System32\msvcp_win.dll
0x00007ff984540000 - 0x00007ff98456f000 	C:\WINDOWS\System32\IMM32.DLL
0x00007ff96ec70000 - 0x00007ff96ec7c000 	C:\Users\pc\.jdks\openjdk-24.0.2+12-54\bin\vcruntime140_1.dll
0x00007ff94c380000 - 0x00007ff94c40e000 	C:\Users\pc\.jdks\openjdk-24.0.2+12-54\bin\msvcp140.dll
0x00007ff918c70000 - 0x00007ff919a11000 	C:\Users\pc\.jdks\openjdk-24.0.2+12-54\bin\server\jvm.dll
0x00007ff982b70000 - 0x00007ff982c24000 	C:\WINDOWS\System32\ADVAPI32.dll
0x00007ff982d70000 - 0x00007ff982e16000 	C:\WINDOWS\System32\sechost.dll
0x00007ff982fe0000 - 0x00007ff9830f8000 	C:\WINDOWS\System32\RPCRT4.dll
0x00007ff983c00000 - 0x00007ff983c74000 	C:\WINDOWS\System32\WS2_32.dll
0x00007ff96d1b0000 - 0x00007ff96d1e5000 	C:\WINDOWS\SYSTEM32\WINMM.dll
0x00007ff9729c0000 - 0x00007ff9729cb000 	C:\WINDOWS\SYSTEM32\VERSION.dll
0x00007ff981db0000 - 0x00007ff981e0e000 	C:\WINDOWS\SYSTEM32\POWRPROF.dll
0x00007ff981d90000 - 0x00007ff981da4000 	C:\WINDOWS\SYSTEM32\UMPDC.dll
0x00007ff980cd0000 - 0x00007ff980ceb000 	C:\WINDOWS\SYSTEM32\kernel.appcore.dll
0x00007ff96e8a0000 - 0x00007ff96e8aa000 	C:\Users\pc\.jdks\openjdk-24.0.2+12-54\bin\jimage.dll
0x00007ff97f5e0000 - 0x00007ff97f822000 	C:\WINDOWS\SYSTEM32\DBGHELP.DLL
0x00007ff984580000 - 0x00007ff9848fb000 	C:\WINDOWS\System32\combase.dll
0x00007ff982c30000 - 0x00007ff982d07000 	C:\WINDOWS\System32\OLEAUT32.dll
0x00007ff96d080000 - 0x00007ff96d0bd000 	C:\WINDOWS\SYSTEM32\dbgcore.DLL
0x00007ff982750000 - 0x00007ff9827e9000 	C:\WINDOWS\System32\bcryptPrimitives.dll
0x00007ff96d1a0000 - 0x00007ff96d1af000 	C:\Users\pc\.jdks\openjdk-24.0.2+12-54\bin\instrument.dll
0x00007ff96bbf0000 - 0x00007ff96bc0e000 	C:\Users\pc\.jdks\openjdk-24.0.2+12-54\bin\java.dll
0x00007ff983540000 - 0x00007ff9836d8000 	C:\WINDOWS\System32\ole32.dll
0x00007ff983d80000 - 0x00007ff9844cd000 	C:\WINDOWS\System32\SHELL32.dll
0x00007ff981f30000 - 0x00007ff98209c000 	C:\WINDOWS\System32\wintypes.dll
0x00007ff97fb70000 - 0x00007ff9803c9000 	C:\WINDOWS\SYSTEM32\windows.storage.dll
0x00007ff984900000 - 0x00007ff9849f0000 	C:\WINDOWS\System32\SHCORE.dll
0x00007ff9844d0000 - 0x00007ff984532000 	C:\WINDOWS\System32\shlwapi.dll
0x00007ff981e50000 - 0x00007ff981e79000 	C:\WINDOWS\SYSTEM32\profapi.dll
0x00007ff93f4d0000 - 0x00007ff93f5a7000 	C:\Users\pc\.jdks\openjdk-24.0.2+12-54\bin\jsvml.dll
0x00007ff96b9b0000 - 0x00007ff96b9c0000 	C:\Users\pc\.jdks\openjdk-24.0.2+12-54\bin\net.dll
0x00007ff981230000 - 0x00007ff98129b000 	C:\WINDOWS\system32\mswsock.dll
0x00007ff969ed0000 - 0x00007ff969ee6000 	C:\Users\pc\.jdks\openjdk-24.0.2+12-54\bin\nio.dll
0x00007ff95df00000 - 0x00007ff95df17000 	C:\Users\pc\.jdks\openjdk-24.0.2+12-54\bin\zip.dll
0x00007ff9807c0000 - 0x00007ff9808e6000 	C:\WINDOWS\SYSTEM32\DNSAPI.dll
0x00007ff9806d0000 - 0x00007ff980704000 	C:\WINDOWS\SYSTEM32\IPHLPAPI.DLL
0x00007ff982d10000 - 0x00007ff982d1a000 	C:\WINDOWS\System32\NSI.dll
0x00007ff9728f0000 - 0x00007ff9728fb000 	C:\Windows\System32\rasadhlp.dll
0x00007ff974710000 - 0x00007ff974796000 	C:\WINDOWS\System32\fwpuclnt.dll
0x00007ff96b5c0000 - 0x00007ff96b5c9000 	C:\Users\pc\.jdks\openjdk-24.0.2+12-54\bin\extnet.dll
0x00007ff969df0000 - 0x00007ff969dfa000 	C:\Users\pc\.jdks\openjdk-24.0.2+12-54\bin\management.dll
0x00007ff969c40000 - 0x00007ff969c4b000 	C:\Users\pc\.jdks\openjdk-24.0.2+12-54\bin\management_ext.dll
0x00007ff983c80000 - 0x00007ff983c88000 	C:\WINDOWS\System32\PSAPI.DLL
0x000001c2c1e10000 - 0x000001c2c1e14000 	C:\Users\pc\Downloads\javafx-sdk-24.0.2\bin\api-ms-win-core-console-l1-1-0.dll
0x000001c2c1e20000 - 0x000001c2c1e24000 	C:\Users\pc\Downloads\javafx-sdk-24.0.2\bin\api-ms-win-core-console-l1-2-0.dll
0x00007ff981600000 - 0x00007ff98161b000 	C:\WINDOWS\SYSTEM32\CRYPTSP.dll
0x00007ff980c30000 - 0x00007ff980c6b000 	C:\WINDOWS\system32\rsaenh.dll
0x000001c2c1f40000 - 0x000001c2c1f44000 	C:\Users\pc\Downloads\javafx-sdk-24.0.2\bin\api-ms-win-core-datetime-l1-1-0.dll
0x00007ff9812d0000 - 0x00007ff9812fb000 	C:\WINDOWS\SYSTEM32\USERENV.dll
0x000001c2c1f50000 - 0x000001c2c1f54000 	C:\Users\pc\Downloads\javafx-sdk-24.0.2\bin\api-ms-win-core-debug-l1-1-0.dll
0x000001c2c1f60000 - 0x000001c2c1f64000 	C:\Users\pc\Downloads\javafx-sdk-24.0.2\bin\api-ms-win-core-errorhandling-l1-1-0.dll
0x000001c2c1f70000 - 0x000001c2c1f75000 	C:\Users\pc\Downloads\javafx-sdk-24.0.2\bin\api-ms-win-core-file-l1-1-0.dll
0x000001c2c1f80000 - 0x000001c2c1f84000 	C:\Users\pc\Downloads\javafx-sdk-24.0.2\bin\api-ms-win-core-file-l1-2-0.dll
0x000001c2c1f90000 - 0x000001c2c1f94000 	C:\Users\pc\Downloads\javafx-sdk-24.0.2\bin\api-ms-win-core-file-l2-1-0.dll
0x000001c2c1fa0000 - 0x000001c2c1fa4000 	C:\Users\pc\Downloads\javafx-sdk-24.0.2\bin\api-ms-win-core-handle-l1-1-0.dll
0x000001c2c1fb0000 - 0x000001c2c1fb4000 	C:\Users\pc\Downloads\javafx-sdk-24.0.2\bin\api-ms-win-core-heap-l1-1-0.dll
0x000001c2c1fc0000 - 0x000001c2c1fc4000 	C:\Users\pc\Downloads\javafx-sdk-24.0.2\bin\api-ms-win-core-interlocked-l1-1-0.dll
0x00007ff981e20000 - 0x00007ff981e46000 	C:\WINDOWS\SYSTEM32\bcrypt.dll
0x000001c2c1fd0000 - 0x000001c2c1fd4000 	C:\Users\pc\Downloads\javafx-sdk-24.0.2\bin\api-ms-win-core-libraryloader-l1-1-0.dll
0x00007ff981460000 - 0x00007ff98146c000 	C:\WINDOWS\SYSTEM32\CRYPTBASE.dll
0x000001c2c1fe0000 - 0x000001c2c1fe4000 	C:\Users\pc\Downloads\javafx-sdk-24.0.2\bin\api-ms-win-core-localization-l1-2-0.dll
0x000001c2c1ff0000 - 0x000001c2c1ff4000 	C:\Users\pc\Downloads\javafx-sdk-24.0.2\bin\api-ms-win-core-memory-l1-1-0.dll
0x000001c2c7310000 - 0x000001c2c7314000 	C:\Users\pc\Downloads\javafx-sdk-24.0.2\bin\api-ms-win-core-namedpipe-l1-1-0.dll
0x000001c2c7320000 - 0x000001c2c7324000 	C:\Users\pc\Downloads\javafx-sdk-24.0.2\bin\api-ms-win-core-processenvironment-l1-1-0.dll
0x000001c2c7330000 - 0x000001c2c7334000 	C:\Users\pc\Downloads\javafx-sdk-24.0.2\bin\api-ms-win-core-processthreads-l1-1-0.dll
0x00007ff95d120000 - 0x00007ff95d138000 	C:\WINDOWS\system32\napinsp.dll
0x000001c2c7340000 - 0x000001c2c7344000 	C:\Users\pc\Downloads\javafx-sdk-24.0.2\bin\api-ms-win-core-processthreads-l1-1-1.dll
0x000001c2c7350000 - 0x000001c2c7354000 	C:\Users\pc\Downloads\javafx-sdk-24.0.2\bin\api-ms-win-core-profile-l1-1-0.dll
0x00007ff95cdb0000 - 0x00007ff95cdc2000 	C:\WINDOWS\System32\winrnr.dll
0x000001c2c7360000 - 0x000001c2c7364000 	C:\Users\pc\Downloads\javafx-sdk-24.0.2\bin\api-ms-win-core-rtlsupport-l1-1-0.dll
0x00007ff95cd80000 - 0x00007ff95cda8000 	C:\WINDOWS\system32\nlansp_c.dll
0x000001c2c7370000 - 0x000001c2c7374000 	C:\Users\pc\Downloads\javafx-sdk-24.0.2\bin\api-ms-win-core-string-l1-1-0.dll
0x00007ff95cd60000 - 0x00007ff95cd76000 	C:\WINDOWS\system32\wshbth.dll
0x000001c2c7380000 - 0x000001c2c7384000 	C:\Users\pc\Downloads\javafx-sdk-24.0.2\bin\api-ms-win-core-synch-l1-1-0.dll
0x000001c2c7390000 - 0x000001c2c7394000 	C:\Users\pc\Downloads\javafx-sdk-24.0.2\bin\api-ms-win-core-synch-l1-2-0.dll
0x000001c2c73a0000 - 0x000001c2c73a4000 	C:\Users\pc\Downloads\javafx-sdk-24.0.2\bin\api-ms-win-core-sysinfo-l1-1-0.dll
0x000001c2c73b0000 - 0x000001c2c73b4000 	C:\Users\pc\Downloads\javafx-sdk-24.0.2\bin\api-ms-win-core-timezone-l1-1-0.dll
0x000001c2c73c0000 - 0x000001c2c73c4000 	C:\Users\pc\Downloads\javafx-sdk-24.0.2\bin\api-ms-win-core-util-l1-1-0.dll
0x000001c2c73d0000 - 0x000001c2c73d4000 	C:\Users\pc\Downloads\javafx-sdk-24.0.2\bin\api-ms-win-crt-conio-l1-1-0.dll
0x000001c2c73e0000 - 0x000001c2c73e5000 	C:\Users\pc\Downloads\javafx-sdk-24.0.2\bin\api-ms-win-crt-convert-l1-1-0.dll
0x000001c2c73f0000 - 0x000001c2c73f4000 	C:\Users\pc\Downloads\javafx-sdk-24.0.2\bin\api-ms-win-crt-environment-l1-1-0.dll
0x000001c2c7400000 - 0x000001c2c7404000 	C:\Users\pc\Downloads\javafx-sdk-24.0.2\bin\api-ms-win-crt-filesystem-l1-1-0.dll
0x000001c2c1e30000 - 0x000001c2c1e34000 	C:\Users\pc\Downloads\javafx-sdk-24.0.2\bin\api-ms-win-crt-heap-l1-1-0.dll
0x000001c2c1e40000 - 0x000001c2c1e44000 	C:\Users\pc\Downloads\javafx-sdk-24.0.2\bin\api-ms-win-crt-locale-l1-1-0.dll
0x000001c2c1e50000 - 0x000001c2c1e56000 	C:\Users\pc\Downloads\javafx-sdk-24.0.2\bin\api-ms-win-crt-math-l1-1-0.dll
0x000001c2c1e60000 - 0x000001c2c1e66000 	C:\Users\pc\Downloads\javafx-sdk-24.0.2\bin\api-ms-win-crt-multibyte-l1-1-0.dll
0x000001c2c1e70000 - 0x000001c2c1e81000 	C:\Users\pc\Downloads\javafx-sdk-24.0.2\bin\api-ms-win-crt-private-l1-1-0.dll
0x000001c2c1e90000 - 0x000001c2c1e94000 	C:\Users\pc\Downloads\javafx-sdk-24.0.2\bin\api-ms-win-crt-process-l1-1-0.dll
0x000001c2c1ea0000 - 0x000001c2c1ea5000 	C:\Users\pc\Downloads\javafx-sdk-24.0.2\bin\api-ms-win-crt-runtime-l1-1-0.dll
0x000001c2c1eb0000 - 0x000001c2c1eb5000 	C:\Users\pc\Downloads\javafx-sdk-24.0.2\bin\api-ms-win-crt-stdio-l1-1-0.dll
0x000001c2c1ec0000 - 0x000001c2c1ec5000 	C:\Users\pc\Downloads\javafx-sdk-24.0.2\bin\api-ms-win-crt-string-l1-1-0.dll
0x000001c2c1ed0000 - 0x000001c2c1ed4000 	C:\Users\pc\Downloads\javafx-sdk-24.0.2\bin\api-ms-win-crt-time-l1-1-0.dll
0x000001c2c1ee0000 - 0x000001c2c1ee4000 	C:\Users\pc\Downloads\javafx-sdk-24.0.2\bin\api-ms-win-crt-utility-l1-1-0.dll
0x00007ff93f3b0000 - 0x00007ff93f4c1000 	C:\Users\pc\Downloads\javafx-sdk-24.0.2\bin\ucrtbase.dll
0x00007ff95de10000 - 0x00007ff95de2b000 	C:\Users\pc\Downloads\javafx-sdk-24.0.2\bin\vcruntime140.dll
0x00007ff963310000 - 0x00007ff96331c000 	C:\Users\pc\Downloads\javafx-sdk-24.0.2\bin\vcruntime140_1.dll
0x00007ff940890000 - 0x00007ff94091e000 	C:\Users\pc\Downloads\javafx-sdk-24.0.2\bin\msvcp140.dll
0x00007ff963210000 - 0x00007ff963219000 	C:\Users\pc\Downloads\javafx-sdk-24.0.2\bin\msvcp140_1.dll
0x00007ff9581a0000 - 0x00007ff9581e1000 	C:\Users\pc\Downloads\javafx-sdk-24.0.2\bin\msvcp140_2.dll
0x00007ff95dde0000 - 0x00007ff95de10000 	C:\Users\pc\Downloads\javafx-sdk-24.0.2\bin\prism_d3d.dll
0x00007ff944690000 - 0x00007ff944841000 	C:\WINDOWS\system32\d3d9.dll
0x00007ff97f040000 - 0x00007ff97f06b000 	C:\WINDOWS\SYSTEM32\dwmapi.dll
0x00007ff97efd0000 - 0x00007ff97f014000 	C:\WINDOWS\SYSTEM32\dxcore.dll
0x00007ff97ed40000 - 0x00007ff97ede8000 	C:\WINDOWS\system32\uxtheme.dll
0x00007ff93bd10000 - 0x00007ff93be75000 	C:\WINDOWS\System32\DriverStore\FileRepository\iigd_dch.inf_amd64_bc89636c592ed116\igdumdim64.dll
0x00007ff8f6f20000 - 0x00007ff8fab41000 	C:\WINDOWS\System32\DriverStore\FileRepository\iigd_dch.inf_amd64_bc89636c592ed116\igd9dxva64.dll
0x00007ff983770000 - 0x00007ff983bf7000 	C:\WINDOWS\System32\SETUPAPI.dll
0x00007ff981ac0000 - 0x00007ff981b17000 	C:\WINDOWS\SYSTEM32\cfgmgr32.dll
0x00007ff978990000 - 0x00007ff978d5d000 	C:\WINDOWS\System32\DriverStore\FileRepository\iigd_dch.inf_amd64_bc89636c592ed116\igdgmm64.dll
0x00007ff97b960000 - 0x00007ff97b9c0000 	C:\WINDOWS\SYSTEM32\directxdatabasehelper.dll
0x00007ff945480000 - 0x00007ff9454c8000 	C:\Users\pc\Downloads\javafx-sdk-24.0.2\bin\glass.dll
0x00007ff983100000 - 0x00007ff9831f1000 	C:\WINDOWS\System32\COMDLG32.dll
0x00007ff984ca0000 - 0x00007ff984d51000 	C:\WINDOWS\System32\clbcatq.dll
0x00007ff971ac0000 - 0x00007ff971c10000 	C:\Windows\System32\Windows.UI.dll
0x00007ff96a370000 - 0x00007ff96a3c6000 	C:\WINDOWS\SYSTEM32\pdh.dll

JVMTI agents:
C:\Program Files\JetBrains\IntelliJ IDEA Community Edition 2025.2.1\lib\idea_rt.jar path:C:\Users\pc\.jdks\openjdk-24.0.2+12-54\bin\instrument.dll, loaded, initialized, instrumentlib options:51244

dbghelp: loaded successfully - version: 4.0.5 - missing functions: none
symbol engine: initialized successfully - sym options: 0x614 - pdb path: .;C:\Users\pc\.jdks\openjdk-24.0.2+12-54\bin;C:\WINDOWS\SYSTEM32;C:\WINDOWS\WinSxS\amd64_microsoft.windows.common-controls_6595b64144ccf1df_6.0.26100.5074_none_3e0d6f78e32fd63f;C:\Users\pc\.jdks\openjdk-24.0.2+12-54\bin\server;C:\Users\pc\Downloads\javafx-sdk-24.0.2\bin;C:\WINDOWS\System32\DriverStore\FileRepository\iigd_dch.inf_amd64_bc89636c592ed116;C:\Program Files\Common Files\Microsoft Shared\Ink

VM Arguments:
jvm_args: --module-path=C:\Users\pc\Downloads\javafx-sdk-24.0.2\lib --add-modules=javafx.controls,javafx.fxml -javaagent:C:\Program Files\JetBrains\IntelliJ IDEA Community Edition 2025.2.1\lib\idea_rt.jar=51244 -Dfile.encoding=UTF-8 -Dsun.stdout.encoding=UTF-8 -Dsun.stderr.encoding=UTF-8 
java_command: com.sudoku.Main
java_class_path (initial): C:\Users\pc\IdeaProjects\SUDOKU\out\production\SUDOKU;C:\Users\pc\Downloads\javafx-sdk-24.0.2\lib\javafx.base.jar;C:\Users\pc\Downloads\javafx-sdk-24.0.2\lib\javafx.controls.jar;C:\Users\pc\Downloads\javafx-sdk-24.0.2\lib\javafx.fxml.jar;C:\Users\pc\Downloads\javafx-sdk-24.0.2\lib\javafx.graphics.jar;C:\Users\pc\Downloads\javafx-sdk-24.0.2\lib\javafx.media.jar;C:\Users\pc\Downloads\javafx-sdk-24.0.2\lib\javafx.swing.jar;C:\Users\pc\Downloads\javafx-sdk-24.0.2\lib\javafx.web.jar;C:\Users\pc\Downloads\javafx-sdk-24.0.2\lib\javafx-swt.jar;C:\Users\pc\Downloads\javafx-sdk-24.0.2\lib\jdk.jsobject.jar;C:\Users\pc\Downloads\javafx-sdk-24.0.2\lib\jfx.incubator.input.jar;C:\Users\pc\Downloads\javafx-sdk-24.0.2\lib\jfx.incubator.richtext.jar
Launcher Type: SUN_STANDARD

[Global flags]
     intx CICompilerCount                          = 3                                         {product} {ergonomic}
     uint ConcGCThreads                            = 1                                         {product} {ergonomic}
     uint G1ConcRefinementThreads                  = 4                                         {product} {ergonomic}
   size_t G1HeapRegionSize                         = 1048576                                   {product} {ergonomic}
   size_t InitialHeapSize                          = 62914560                                  {product} {ergonomic}
   size_t MarkStackSize                            = 4194304                                   {product} {ergonomic}
   size_t MarkStackSizeMax                         = 536870912                                 {product} {ergonomic}
   size_t MaxHeapSize                              = 1006632960                                {product} {ergonomic}
   size_t MaxNewSize                               = 603979776                                 {product} {ergonomic}
   size_t MinHeapDeltaBytes                        = 1048576                                   {product} {ergonomic}
   size_t MinHeapSize                              = 8388608                                   {product} {ergonomic}
    uintx NonNMethodCodeHeapSize                   = 5832704                                {pd product} {ergonomic}
    uintx NonProfiledCodeHeapSize                  = 122945536                              {pd product} {ergonomic}
    uintx ProfiledCodeHeapSize                     = 122880000                              {pd product} {ergonomic}
    uintx ReservedCodeCacheSize                    = 251658240                              {pd product} {ergonomic}
     bool SegmentedCodeCache                       = true                                      {product} {ergonomic}
   size_t SoftMaxHeapSize                          = 1006632960                             {manageable} {ergonomic}
     bool UseCompressedOops                        = true                           {product lp64_product} {ergonomic}
     bool UseG1GC                                  = true                                      {product} {ergonomic}
     bool UseLargePagesIndividualAllocation        = false                                  {pd product} {ergonomic}

Logging:
Log output configuration:
 #0: stdout all=warning uptime,level,tags foldmultilines=false
 #1: stderr all=off uptime,level,tags foldmultilines=false

Environment Variables:
PATH=C:\Program Files\Common Files\Oracle\Java\javapath;C:\Program Files (x86)\Common Files\Oracle\Java\javapath;C:\Program Files (x86)\NVIDIA Corporation\PhysX\Common;C:\WINDOWS\system32;C:\WINDOWS;C:\WINDOWS\System32\Wbem;C:\WINDOWS\System32\WindowsPowerShell\v1.0\;C:\WINDOWS\System32\OpenSSH\;C:\Program Files\Git\cmd;C:\Program Files\nodejs\;C:\Program Files\Microsoft SQL Server\150\Tools\Binn\;C:\Program Files\Docker\Docker\resources\bin;C:\Program Files\Java\jdk-24\bin;C:\Users\pc\AppData\Local\Microsoft\WindowsApps;C:\Users\pc\AppData\Local\Programs\Microsoft VS Code\bin;C:\sql3;C:\Users\pc\AppData\Roaming\npm
USERNAME=pc
OS=Windows_NT
PROCESSOR_IDENTIFIER=Intel64 Family 6 Model 126 Stepping 5, GenuineIntel
TMP=C:\Users\pc\AppData\Local\Temp
TEMP=C:\Users\pc\AppData\Local\Temp




Periodic native trim disabled

---------------  S Y S T E M  ---------------

OS:
 Windows 11 , 64 bit Build 26100 (10.0.26100.5074)
OS uptime: 13 days 20:22 hours
Hyper-V role detected

CPU: total 4 (initial active 4) (2 cores per cpu, 2 threads per core) family 6 model 126 stepping 5 microcode 0xa0, cx8, cmov, fxsr, ht, mmx, 3dnowpref, sse, sse2, sse3, ssse3, sse4.1, sse4.2, popcnt, lzcnt, tsc, tscinvbit, avx, avx2, aes, erms, clmul, bmi1, bmi2, adx, avx512f, avx512dq, avx512cd, avx512bw, avx512vl, sha, fma, vzeroupper, avx512_vpopcntdq, avx512_vpclmulqdq, avx512_vaes, avx512_vnni, clflush, clflushopt, avx512_vbmi2, avx512_vbmi, hv, rdtscp, rdpid, fsrm, gfni, avx512_bitalg, f16c, avx512_ifma
Processor Information for processor 0
  Max Mhz: 1201, Current Mhz: 1201, Mhz Limit: 1201
Processor Information for processor 1
  Max Mhz: 1201, Current Mhz: 1201, Mhz Limit: 1201
Processor Information for processor 2
  Max Mhz: 1201, Current Mhz: 1201, Mhz Limit: 1201
Processor Information for processor 3
  Max Mhz: 1201, Current Mhz: 1000, Mhz Limit: 1201

Memory: 4k page, system-wide physical 3836M (293M free)
TotalPageFile size 15612M (AvailPageFile size 0M)
current process WorkingSet (physical memory assigned to process): 46M, peak: 177M
current process commit charge ("private bytes"): 222M, peak: 250M

vm_info: OpenJDK 64-Bit Server VM (24.0.2+12-54) for windows-amd64 JRE (24.0.2+12-54), built on 2025-07-08T12:10:27Z with MS VC++ 17.6 (VS2022)

END.
